----------Scarlet Engine Log File----------

[INFO][22:50:45]: Intitializing Time Subsystem...
[INFO][22:50:45]: Intitializing Window Subsystem...
[INFO][22:50:45]: Intitializing Graphics Context Subsystem...
[INFO][22:50:45]: Intitializing AssetPool Subsystem...
[INFO][22:50:45]: Intitializing Renderer Subsystem...
[INFO][22:50:45]: Intitializing InputManager Subsystem...
[INFO][22:50:45]: Intitializing ImGui Subsystem...
[WARNING][22:50:45]: 155.83ms lag has occured.
[WARNING][22:50:45]: 31.83ms lag has occured.
[WARNING][22:50:48]: 8.83ms lag has occured.
[WARNING][22:51:03]: 5.83ms lag has occured.
[WARNING][22:51:06]: 331.83ms lag has occured.
[WARNING][22:51:06]: 213.83ms lag has occured.
[WARNING][22:51:06]: 162.83ms lag has occured.
[WARNING][22:51:07]: 187.83ms lag has occured.
[WARNING][22:51:07]: 193.83ms lag has occured.
[WARNING][22:51:07]: 181.83ms lag has occured.
[WARNING][22:51:08]: 169.83ms lag has occured.
[WARNING][22:51:09]: 623.83ms lag has occured.
[WARNING][22:51:10]: 4.83ms lag has occured.
[WARNING][22:51:14]: 5.83ms lag has occured.
[WARNING][22:51:15]: 37.83ms lag has occured.
[WARNING][22:51:19]: 4.83ms lag has occured.
[WARNING][22:51:19]: 4.83ms lag has occured.
[WARNING][22:51:19]: 4.83ms lag has occured.
